<?xml version="1.0" encoding="utf-8"?><testsuites name="pytest tests"><testsuite name="pytest" errors="0" failures="0" skipped="0" tests="38" time="16.093" timestamp="2026-04-18T13:38:12.370646+00:00" hostname="agent-env-d147e26a-ee82-4305-84b9-1af60214f4ce"><testcase classname="tests.test_agro_mlm.TestPublicEndpoints" name="test_api_root" time="0.311" /><testcase classname="tests.test_agro_mlm.TestPublicEndpoints" name="test_public_plan" time="0.114" /><testcase classname="tests.test_agro_mlm.TestPublicEndpoints" name="test_public_stats" time="0.144" /><testcase classname="tests.test_agro_mlm.TestPublicEndpoints" name="test_products_list" time="0.113" /><testcase classname="tests.test_agro_mlm.TestPublicEndpoints" name="test_categories_list" time="0.107" /><testcase classname="tests.test_agro_mlm.TestPublicEndpoints" name="test_offers_list" time="0.113" /><testcase classname="tests.test_agro_mlm.TestAuthEndpoints" name="test_admin_login" time="0.336" /><testcase classname="tests.test_agro_mlm.TestAuthEndpoints" name="test_login_invalid_credentials" time="0.315" /><testcase classname="tests.test_agro_mlm.TestAuthEndpoints" name="test_register_with_sponsor_code" time="0.325" /><testcase classname="tests.test_agro_mlm.TestAuthEndpoints" name="test_register_without_sponsor" time="0.324" /><testcase classname="tests.test_agro_mlm.TestAuthEndpoints" name="test_register_invalid_sponsor_code" time="0.140" /><testcase classname="tests.test_agro_mlm.TestAuthEndpoints" name="test_auth_me" time="0.372" /><testcase classname="tests.test_agro_mlm.TestAuthEndpoints" name="test_logout" time="0.462" /><testcase classname="tests.test_agro_mlm.TestKitPurchaseAndCommissions" name="test_kit_purchase_flow" time="0.627" /><testcase classname="tests.test_agro_mlm.TestKitPurchaseAndCommissions" name="test_kit_already_purchased" time="0.457" /><testcase classname="tests.test_agro_mlm.TestKitPurchaseAndCommissions" name="test_direct_referral_commission" time="0.833" /><testcase classname="tests.test_agro_mlm.TestUserEndpoints" name="test_user_dashboard" time="0.387" /><testcase classname="tests.test_agro_mlm.TestUserEndpoints" name="test_user_tree" time="0.382" /><testcase classname="tests.test_agro_mlm.TestUserEndpoints" name="test_user_team" time="0.380" /><testcase classname="tests.test_agro_mlm.TestUserEndpoints" name="test_wallet_transactions_filter" time="0.461" /><testcase classname="tests.test_agro_mlm.TestOrdersAndTeamProfit" name="test_create_order" time="0.985" /><testcase classname="tests.test_agro_mlm.TestOrdersAndTeamProfit" name="test_my_orders" time="0.385" /><testcase classname="tests.test_agro_mlm.TestWithdrawals" name="test_withdraw_request" time="0.549" /><testcase classname="tests.test_agro_mlm.TestWithdrawals" name="test_withdraw_insufficient_balance" time="0.386" /><testcase classname="tests.test_agro_mlm.TestWithdrawals" name="test_my_withdrawals" time="0.381" /><testcase classname="tests.test_agro_mlm.TestAdminEndpoints" name="test_admin_overview" time="0.438" /><testcase classname="tests.test_agro_mlm.TestAdminEndpoints" name="test_admin_users" time="0.370" /><testcase classname="tests.test_agro_mlm.TestAdminEndpoints" name="test_admin_kit_orders" time="0.400" /><testcase classname="tests.test_agro_mlm.TestAdminEndpoints" name="test_admin_withdrawals" time="0.382" /><testcase classname="tests.test_agro_mlm.TestAdminEndpoints" name="test_admin_withdrawal_approve_reject" time="0.430" /><testcase classname="tests.test_agro_mlm.TestAdminEndpoints" name="test_admin_cashback_run_all" time="0.490" /><testcase classname="tests.test_agro_mlm.TestAdminEndpoints" name="test_admin_orders" time="0.385" /><testcase classname="tests.test_agro_mlm.TestAdminCRUD" name="test_category_crud" time="0.436" /><testcase classname="tests.test_agro_mlm.TestAdminCRUD" name="test_product_crud" time="0.455" /><testcase classname="tests.test_agro_mlm.TestAdminCRUD" name="test_offer_crud" time="0.460" /><testcase classname="tests.test_agro_mlm.TestRoleGuard" name="test_non_admin_cannot_access_admin_endpoints" time="0.591" /><testcase classname="tests.test_agro_mlm.TestRoleGuard" name="test_unauthenticated_cannot_access_protected" time="0.214" /><testcase classname="tests.test_agro_mlm.TestBinaryTreeSpillover" name="test_spillover_placement" time="1.480" /></testsuite></testsuites>